<?xml version="1.0" encoding="UTF-8"?>
<!-- Generated by org.testng.reporters.JUnitReportReporter -->
<testsuite hostname="LAPTOP-JGIEC3P0" failures="0" tests="2" name="crossbrowserpack.CrossbrowserUsing_TestNG" time="6.598" errors="0" timestamp="2024-12-13T13:51:59 GST" skipped="0">
  <testcase classname="crossbrowserpack.CrossbrowserUsing_TestNG" name="f" time="3.580"/>
  <system-out/>
  <testcase classname="crossbrowserpack.CrossbrowserUsing_TestNG" name="f" time="3.018"/>
  <system-out/>
</testsuite> <!-- crossbrowserpack.CrossbrowserUsing_TestNG -->
