<?xml version="1.0" encoding="UTF-8"?>
<!-- Generated by org.testng.reporters.JUnitReportReporter -->
<testsuite hostname="LAPTOP-JGIEC3P0" failures="0" tests="2" name="testpack.registrationtest" time="10.192" errors="0" timestamp="2024-12-13T13:39:33 GST" skipped="0">
  <testcase classname="testpack.registrationtest" name="f" time="3.786"/>
  <system-out/>
  <testcase classname="testpack.registrationtest" name="f" time="6.406"/>
  <system-out/>
</testsuite> <!-- testpack.registrationtest -->
